<?xml version="1.0" encoding="UTF-8"?>
<!-- Generated by org.testng.reporters.JUnitXMLReporter -->
<testsuite ignored="0" hostname="DESKTOP-B207BME" failures="0" tests="4" name="Test" time="0.223" errors="0" timestamp="2021-11-24T09:51:10 IST">
  <testcase classname="sample.RestAPITest" name="RestAPILogin" time="0.035"/>
  <testcase classname="sample.RestAPITest" name="RestAPILogout" time="0.009"/>
  <testcase classname="sample.SeleniumTest" name="seleniumweblogin" time="0.004"/>
  <testcase classname="sample.SeleniumTest" name="seleniumweblogout" time="0.004"/>
</testsuite> <!-- Test -->
