<?xml version="1.0" encoding="UTF-8"?>
<!-- Generated by org.testng.reporters.JUnitXMLReporter -->
<testsuite ignored="0" hostname="DESKTOP-B207BME" failures="0" tests="6" name="Command line test" time="0.19" errors="0" timestamp="2021-11-25T12:36:21 IST">
  <testcase classname="sample.AppiumTest" name="AppiumMobileLogin" time="0.017"/>
  <testcase classname="sample.AppiumTest" name="AppiumMobileLogout" time="0.001"/>
  <testcase classname="sample.RestAPITest" name="RestAPILogin" time="0.001"/>
  <testcase classname="sample.RestAPITest" name="RestAPILogout" time="0.001"/>
  <testcase classname="sample.SeleniumTest" name="seleniumweblogin" time="0.001"/>
  <testcase classname="sample.SeleniumTest" name="seleniumweblogout" time="0.001"/>
</testsuite> <!-- Command line test -->
