<?xml version="1.0" encoding="UTF-8"?>
<testng-results ignored="0" total="6" passed="6" failed="0" skipped="0">
  <reporter-output>
  </reporter-output>
  <suite started-at="2021-11-25T12:36:19 IST" name="Command line suite" finished-at="2021-11-25T12:36:19 IST" duration-ms="190">
    <groups>
    </groups>
    <test started-at="2021-11-25T12:36:19 IST" name="Command line test" finished-at="2021-11-25T12:36:19 IST" duration-ms="190">
      <class name="sample.RestAPITest">
        <test-method signature="RestAPILogin()[pri:0, instance:sample.RestAPITest@55b699ef]" started-at="2021-11-25T12:36:19 IST" name="RestAPILogin" finished-at="2021-11-25T12:36:19 IST" duration-ms="1" status="PASS">
          <reporter-output>
          </reporter-output>
        </test-method> <!-- RestAPILogin -->
        <test-method signature="RestAPILogout()[pri:0, instance:sample.RestAPITest@55b699ef]" started-at="2021-11-25T12:36:19 IST" name="RestAPILogout" finished-at="2021-11-25T12:36:19 IST" duration-ms="1" status="PASS">
          <reporter-output>
          </reporter-output>
        </test-method> <!-- RestAPILogout -->
      </class> <!-- sample.RestAPITest -->
      <class name="sample.AppiumTest">
        <test-method signature="AppiumMobileLogin()[pri:0, instance:sample.AppiumTest@59662a0b]" started-at="2021-11-25T12:36:19 IST" name="AppiumMobileLogin" finished-at="2021-11-25T12:36:19 IST" duration-ms="17" status="PASS">
          <reporter-output>
          </reporter-output>
        </test-method> <!-- AppiumMobileLogin -->
        <test-method signature="AppiumMobileLogout()[pri:0, instance:sample.AppiumTest@59662a0b]" started-at="2021-11-25T12:36:19 IST" name="AppiumMobileLogout" finished-at="2021-11-25T12:36:19 IST" duration-ms="1" status="PASS">
          <reporter-output>
          </reporter-output>
        </test-method> <!-- AppiumMobileLogout -->
      </class> <!-- sample.AppiumTest -->
      <class name="sample.SeleniumTest">
        <test-method signature="seleniumweblogin()[pri:0, instance:sample.SeleniumTest@35d019a3]" started-at="2021-11-25T12:36:19 IST" name="seleniumweblogin" finished-at="2021-11-25T12:36:19 IST" duration-ms="1" status="PASS">
          <reporter-output>
          </reporter-output>
        </test-method> <!-- seleniumweblogin -->
        <test-method signature="seleniumweblogout()[pri:0, instance:sample.SeleniumTest@35d019a3]" started-at="2021-11-25T12:36:19 IST" name="seleniumweblogout" finished-at="2021-11-25T12:36:19 IST" duration-ms="1" status="PASS">
          <reporter-output>
          </reporter-output>
        </test-method> <!-- seleniumweblogout -->
      </class> <!-- sample.SeleniumTest -->
    </test> <!-- Command line test -->
  </suite> <!-- Command line suite -->
</testng-results>
