<?xml version="1.0" encoding="UTF-8"?>
<testng-results ignored="0" total="4" passed="4" failed="0" skipped="0">
  <reporter-output>
  </reporter-output>
  <suite started-at="2021-11-24T09:51:09 IST" name="Suite" finished-at="2021-11-24T09:51:10 IST" duration-ms="223">
    <groups>
    </groups>
    <test started-at="2021-11-24T09:51:09 IST" name="Test" finished-at="2021-11-24T09:51:10 IST" duration-ms="223">
      <class name="sample.RestAPITest">
        <test-method signature="RestAPILogin()[pri:0, instance:sample.RestAPITest@5fa07e12]" started-at="2021-11-24T09:51:10 IST" name="RestAPILogin" finished-at="2021-11-24T09:51:10 IST" duration-ms="35" status="PASS">
          <reporter-output>
          </reporter-output>
        </test-method> <!-- RestAPILogin -->
        <test-method signature="RestAPILogout()[pri:0, instance:sample.RestAPITest@5fa07e12]" started-at="2021-11-24T09:51:10 IST" name="RestAPILogout" finished-at="2021-11-24T09:51:10 IST" duration-ms="9" status="PASS">
          <reporter-output>
          </reporter-output>
        </test-method> <!-- RestAPILogout -->
      </class> <!-- sample.RestAPITest -->
      <class name="sample.SeleniumTest">
        <test-method signature="seleniumweblogin()[pri:0, instance:sample.SeleniumTest@55b53d44]" started-at="2021-11-24T09:51:10 IST" name="seleniumweblogin" finished-at="2021-11-24T09:51:10 IST" duration-ms="4" status="PASS">
          <reporter-output>
          </reporter-output>
        </test-method> <!-- seleniumweblogin -->
        <test-method signature="seleniumweblogout()[pri:0, instance:sample.SeleniumTest@55b53d44]" started-at="2021-11-24T09:51:10 IST" name="seleniumweblogout" finished-at="2021-11-24T09:51:10 IST" duration-ms="4" status="PASS">
          <reporter-output>
          </reporter-output>
        </test-method> <!-- seleniumweblogout -->
      </class> <!-- sample.SeleniumTest -->
    </test> <!-- Test -->
  </suite> <!-- Suite -->
</testng-results>
